Сборка начата 18.12.2014 21:22:50.
     1>Проект "D:\Учёба\3 курс\1 семестр (Вариант 3)\ПСП\Лабораторные работы\Lab_06\ClientNPct\ClientNPct\ClientNPct.vcxproj" в узле 2 (целевые объекты build).
     1>InitializeBuildStatus:
         Обращение к "Release\ClientNPct.unsuccessfulbuild".
       ClCompile:
         Для всех выходных данных обновления не требуется.
         C:\Program Files (x86)\Microsoft Visual Studio 10.0\VC\bin\CL.exe /c /Zi /nologo /W3 /WX- /O2 /Oi /Oy- /GL /D WIN32 /D NDEBUG /D _CONSOLE /D _UNICODE /D UNICODE /Gm- /EHsc /MD /GS /Gy /fp:precise /Zc:wchar_t /Zc:forScope /Yu"StdAfx.h" /Fp"Release\ClientNPct.pch" /Fo"Release\\" /Fd"Release\vc100.pdb" /Gd /TP /analyze- /errorReport:prompt ClientNPct.cpp
         ClientNPct.cpp
     1>ClientNPct.cpp(86): warning C4996: 'sprintf': This function or variable may be unsafe. Consider using sprintf_s instead. To disable deprecation, use _CRT_SECURE_NO_WARNINGS. See online help for details.
                 C:\Program Files (x86)\Microsoft Visual Studio 10.0\VC\include\stdio.h(371): см. объявление "sprintf"
     1>ClientNPct.cpp(88): warning C4996: 'strcpy': This function or variable may be unsafe. Consider using strcpy_s instead. To disable deprecation, use _CRT_SECURE_NO_WARNINGS. See online help for details.
                 C:\Program Files (x86)\Microsoft Visual Studio 10.0\VC\include\string.h(105): см. объявление "strcpy"
     1>ClientNPct.cpp(89): warning C4996: 'strcat': This function or variable may be unsafe. Consider using strcat_s instead. To disable deprecation, use _CRT_SECURE_NO_WARNINGS. See online help for details.
                 C:\Program Files (x86)\Microsoft Visual Studio 10.0\VC\include\string.h(110): см. объявление "strcat"
       Link:
         C:\Program Files (x86)\Microsoft Visual Studio 10.0\VC\bin\link.exe /ERRORREPORT:PROMPT /OUT:"D:\Учёба\3 курс\1 семестр (Вариант 3)\ПСП\Лабораторные работы\Lab_06\ClientNPct\Release\ClientNPct.exe" /INCREMENTAL:NO /NOLOGO kernel32.lib user32.lib gdi32.lib winspool.lib comdlg32.lib advapi32.lib shell32.lib ole32.lib oleaut32.lib uuid.lib odbc32.lib odbccp32.lib /MANIFEST /ManifestFile:"Release\ClientNPct.exe.intermediate.manifest" /MANIFESTUAC:"level='asInvoker' uiAccess='false'" /DEBUG /PDB:"D:\Учёба\3 курс\1 семестр (Вариант 3)\ПСП\Лабораторные работы\Lab_06\ClientNPct\Release\ClientNPct.pdb" /SUBSYSTEM:CONSOLE /OPT:REF /OPT:ICF /LTCG /TLBID:1 /DYNAMICBASE /NXCOMPAT /IMPLIB:"D:\Учёба\3 курс\1 семестр (Вариант 3)\ПСП\Лабораторные работы\Lab_06\ClientNPct\Release\ClientNPct.lib" /MACHINE:X86 Release\ClientNPct.obj
         Release\stdafx.obj
         Создание кода
         Создание кода завершено
         ClientNPct.vcxproj -> D:\Учёба\3 курс\1 семестр (Вариант 3)\ПСП\Лабораторные работы\Lab_06\ClientNPct\Release\ClientNPct.exe
       Manifest:
         C:\Program Files (x86)\Microsoft SDKs\Windows\v7.0A\bin\mt.exe /nologo /verbose /outputresource:"D:\Учёба\3 курс\1 семестр (Вариант 3)\ПСП\Лабораторные работы\Lab_06\ClientNPct\Release\ClientNPct.exe;#1" /manifest Release\ClientNPct.exe.intermediate.manifest
       FinalizeBuildStatus:
         Файл "Release\ClientNPct.unsuccessfulbuild" удаляется.
         Обращение к "Release\ClientNPct.lastbuildstate".
     1>Построение проекта "D:\Учёба\3 курс\1 семестр (Вариант 3)\ПСП\Лабораторные работы\Lab_06\ClientNPct\ClientNPct\ClientNPct.vcxproj" завершено (целевые объекты build).

Построение успешно завершено.

Затраченное время: 00:00:01.98
