D:\Учёба\3 курс\1 семестр (Вариант 3)\ПСП\Лабораторные работы\LAB_06\SERVERNP\RELEASE\SERVERNP.EXE
D:\УЧЁБА\3 КУРС\1 СЕМЕСТР (ВАРИАНТ 3)\ПСП\ЛАБОРАТОРНЫЕ РАБОТЫ\LAB_06\SERVERNP\RELEASE\SERVERNP.PDB
D:\Учёба\3 курс\1 семестр (Вариант 3)\ПСП\Лабораторные работы\Lab_06\ServerNP\ServerNP\Release\cl.command.1.tlog
D:\Учёба\3 курс\1 семестр (Вариант 3)\ПСП\Лабораторные работы\Lab_06\ServerNP\ServerNP\Release\CL.read.1.tlog
D:\Учёба\3 курс\1 семестр (Вариант 3)\ПСП\Лабораторные работы\Lab_06\ServerNP\ServerNP\Release\CL.write.1.tlog
D:\Учёба\3 курс\1 семестр (Вариант 3)\ПСП\Лабораторные работы\Lab_06\ServerNP\ServerNP\Release\link.command.1.tlog
D:\Учёба\3 курс\1 семестр (Вариант 3)\ПСП\Лабораторные работы\Lab_06\ServerNP\ServerNP\Release\link.read.1.tlog
D:\Учёба\3 курс\1 семестр (Вариант 3)\ПСП\Лабораторные работы\Lab_06\ServerNP\ServerNP\Release\link.write.1.tlog
D:\Учёба\3 курс\1 семестр (Вариант 3)\ПСП\Лабораторные работы\Lab_06\ServerNP\ServerNP\Release\mt.command.1.tlog
D:\Учёба\3 курс\1 семестр (Вариант 3)\ПСП\Лабораторные работы\Lab_06\ServerNP\ServerNP\Release\mt.read.1.tlog
D:\Учёба\3 курс\1 семестр (Вариант 3)\ПСП\Лабораторные работы\Lab_06\ServerNP\ServerNP\Release\mt.write.1.tlog
D:\Учёба\3 курс\1 семестр (Вариант 3)\ПСП\Лабораторные работы\LAB_06\SERVERNP\SERVERNP\RELEASE\SERVERNP.EXE.INTERMEDIATE.MANIFEST
D:\Учёба\3 курс\1 семестр (Вариант 3)\ПСП\Лабораторные работы\LAB_06\SERVERNP\SERVERNP\RELEASE\SERVERNP.OBJ
D:\Учёба\3 курс\1 семестр (Вариант 3)\ПСП\Лабораторные работы\LAB_06\SERVERNP\SERVERNP\RELEASE\SERVERNP.PCH
D:\Учёба\3 курс\1 семестр (Вариант 3)\ПСП\Лабораторные работы\Lab_06\ServerNP\ServerNP\Release\ServerNP.vcxprojResolveAssemblyReference.cache
D:\Учёба\3 курс\1 семестр (Вариант 3)\ПСП\Лабораторные работы\Lab_06\ServerNP\ServerNP\Release\ServerNP.write.1.tlog
D:\Учёба\3 курс\1 семестр (Вариант 3)\ПСП\Лабораторные работы\LAB_06\SERVERNP\SERVERNP\RELEASE\STDAFX.OBJ
D:\УЧЁБА\3 КУРС\1 СЕМЕСТР (ВАРИАНТ 3)\ПСП\ЛАБОРАТОРНЫЕ РАБОТЫ\LAB_06\SERVERNP\SERVERNP\RELEASE\VC100.PDB
D:\Учёба\3 курс\1 семестр (Вариант 3)\ПСП\Лабораторные работы\SERVERNP\RELEASE\SERVERNP.EXE
D:\УЧЁБА\3 КУРС\1 СЕМЕСТР (ВАРИАНТ 3)\ПСП\ЛАБОРАТОРНЫЕ РАБОТЫ\SERVERNP\RELEASE\SERVERNP.PDB
D:\Учёба\3 курс\1 семестр (Вариант 3)\ПСП\Лабораторные работы\SERVERNP\SERVERNP\RELEASE\SERVERNP.EXE.INTERMEDIATE.MANIFEST
D:\Учёба\3 курс\1 семестр (Вариант 3)\ПСП\Лабораторные работы\SERVERNP\SERVERNP\RELEASE\SERVERNP.OBJ
D:\Учёба\3 курс\1 семестр (Вариант 3)\ПСП\Лабораторные работы\SERVERNP\SERVERNP\RELEASE\SERVERNP.PCH
D:\Учёба\3 курс\1 семестр (Вариант 3)\ПСП\Лабораторные работы\SERVERNP\SERVERNP\RELEASE\STDAFX.OBJ
D:\УЧЁБА\3 КУРС\1 СЕМЕСТР (ВАРИАНТ 3)\ПСП\ЛАБОРАТОРНЫЕ РАБОТЫ\SERVERNP\SERVERNP\RELEASE\VC100.PDB
